[2020-05-09 07:28:15] local.ERROR: Class 'UxWeb\SweetAlert\SweetAlertServiceProvider' not found {"exception":"[object] (Symfony\\Component\\Debug\\Exception\\FatalThrowableError(code: 0): Class 'UxWeb\\SweetAlert\\SweetAlertServiceProvider' not found at C:\\xampp\\htdocs\\dd\\local\\vendor\\laravel\\framework\\src\\Illuminate\\Foundation\\Application.php:679)
[stacktrace]
#0 C:\\xampp\\htdocs\\dd\\local\\vendor\\laravel\\framework\\src\\Illuminate\\Foundation\\Application.php(613): Illuminate\\Foundation\\Application->resolveProvider('UxWeb\\\\SweetAler...')
#1 C:\\xampp\\htdocs\\dd\\local\\vendor\\laravel\\framework\\src\\Illuminate\\Foundation\\ProviderRepository.php(75): Illuminate\\Foundation\\Application->register('UxWeb\\\\SweetAler...')
#2 C:\\xampp\\htdocs\\dd\\local\\vendor\\laravel\\framework\\src\\Illuminate\\Foundation\\Application.php(593): Illuminate\\Foundation\\ProviderRepository->load(Array)
#3 C:\\xampp\\htdocs\\dd\\local\\vendor\\laravel\\framework\\src\\Illuminate\\Foundation\\Bootstrap\\RegisterProviders.php(17): Illuminate\\Foundation\\Application->registerConfiguredProviders()
#4 C:\\xampp\\htdocs\\dd\\local\\vendor\\laravel\\framework\\src\\Illuminate\\Foundation\\Application.php(219): Illuminate\\Foundation\\Bootstrap\\RegisterProviders->bootstrap(Object(Illuminate\\Foundation\\Application))
#5 C:\\xampp\\htdocs\\dd\\local\\vendor\\laravel\\framework\\src\\Illuminate\\Foundation\\Console\\Kernel.php(320): Illuminate\\Foundation\\Application->bootstrapWith(Array)
#6 C:\\xampp\\htdocs\\dd\\local\\vendor\\laravel\\framework\\src\\Illuminate\\Foundation\\Console\\Kernel.php(129): Illuminate\\Foundation\\Console\\Kernel->bootstrap()
#7 C:\\xampp\\htdocs\\dd\\local\\artisan(37): Illuminate\\Foundation\\Console\\Kernel->handle(Object(Symfony\\Component\\Console\\Input\\ArgvInput), Object(Symfony\\Component\\Console\\Output\\ConsoleOutput))
#8 {main}
"} 
[2020-05-09 07:35:54] local.ERROR: Class 'UxWeb\SweetAlert\SweetAlertServiceProvider' not found {"exception":"[object] (Symfony\\Component\\Debug\\Exception\\FatalThrowableError(code: 0): Class 'UxWeb\\SweetAlert\\SweetAlertServiceProvider' not found at C:\\xampp\\htdocs\\dd\\local\\vendor\\laravel\\framework\\src\\Illuminate\\Foundation\\Application.php:679)
[stacktrace]
#0 C:\\xampp\\htdocs\\dd\\local\\vendor\\laravel\\framework\\src\\Illuminate\\Foundation\\Application.php(613): Illuminate\\Foundation\\Application->resolveProvider('UxWeb\\\\SweetAler...')
#1 C:\\xampp\\htdocs\\dd\\local\\vendor\\laravel\\framework\\src\\Illuminate\\Foundation\\ProviderRepository.php(75): Illuminate\\Foundation\\Application->register('UxWeb\\\\SweetAler...')
#2 C:\\xampp\\htdocs\\dd\\local\\vendor\\laravel\\framework\\src\\Illuminate\\Foundation\\Application.php(593): Illuminate\\Foundation\\ProviderRepository->load(Array)
#3 C:\\xampp\\htdocs\\dd\\local\\vendor\\laravel\\framework\\src\\Illuminate\\Foundation\\Bootstrap\\RegisterProviders.php(17): Illuminate\\Foundation\\Application->registerConfiguredProviders()
#4 C:\\xampp\\htdocs\\dd\\local\\vendor\\laravel\\framework\\src\\Illuminate\\Foundation\\Application.php(219): Illuminate\\Foundation\\Bootstrap\\RegisterProviders->bootstrap(Object(Illuminate\\Foundation\\Application))
#5 C:\\xampp\\htdocs\\dd\\local\\vendor\\laravel\\framework\\src\\Illuminate\\Foundation\\Console\\Kernel.php(320): Illuminate\\Foundation\\Application->bootstrapWith(Array)
#6 C:\\xampp\\htdocs\\dd\\local\\vendor\\laravel\\framework\\src\\Illuminate\\Foundation\\Console\\Kernel.php(129): Illuminate\\Foundation\\Console\\Kernel->bootstrap()
#7 C:\\xampp\\htdocs\\dd\\local\\artisan(37): Illuminate\\Foundation\\Console\\Kernel->handle(Object(Symfony\\Component\\Console\\Input\\ArgvInput), Object(Symfony\\Component\\Console\\Output\\ConsoleOutput))
#8 {main}
"} 
[2020-05-09 07:40:42] local.ERROR: Class 'UxWeb\SweetAlert\SweetAlertServiceProvider' not found {"exception":"[object] (Symfony\\Component\\Debug\\Exception\\FatalThrowableError(code: 0): Class 'UxWeb\\SweetAlert\\SweetAlertServiceProvider' not found at C:\\xampp\\htdocs\\dd\\local\\vendor\\laravel\\framework\\src\\Illuminate\\Foundation\\Application.php:679)
[stacktrace]
#0 C:\\xampp\\htdocs\\dd\\local\\vendor\\laravel\\framework\\src\\Illuminate\\Foundation\\Application.php(613): Illuminate\\Foundation\\Application->resolveProvider('UxWeb\\\\SweetAler...')
#1 C:\\xampp\\htdocs\\dd\\local\\vendor\\laravel\\framework\\src\\Illuminate\\Foundation\\ProviderRepository.php(75): Illuminate\\Foundation\\Application->register('UxWeb\\\\SweetAler...')
#2 C:\\xampp\\htdocs\\dd\\local\\vendor\\laravel\\framework\\src\\Illuminate\\Foundation\\Application.php(593): Illuminate\\Foundation\\ProviderRepository->load(Array)
#3 C:\\xampp\\htdocs\\dd\\local\\vendor\\laravel\\framework\\src\\Illuminate\\Foundation\\Bootstrap\\RegisterProviders.php(17): Illuminate\\Foundation\\Application->registerConfiguredProviders()
#4 C:\\xampp\\htdocs\\dd\\local\\vendor\\laravel\\framework\\src\\Illuminate\\Foundation\\Application.php(219): Illuminate\\Foundation\\Bootstrap\\RegisterProviders->bootstrap(Object(Illuminate\\Foundation\\Application))
#5 C:\\xampp\\htdocs\\dd\\local\\vendor\\laravel\\framework\\src\\Illuminate\\Foundation\\Console\\Kernel.php(320): Illuminate\\Foundation\\Application->bootstrapWith(Array)
#6 C:\\xampp\\htdocs\\dd\\local\\vendor\\laravel\\framework\\src\\Illuminate\\Foundation\\Console\\Kernel.php(129): Illuminate\\Foundation\\Console\\Kernel->bootstrap()
#7 C:\\xampp\\htdocs\\dd\\local\\artisan(37): Illuminate\\Foundation\\Console\\Kernel->handle(Object(Symfony\\Component\\Console\\Input\\ArgvInput), Object(Symfony\\Component\\Console\\Output\\ConsoleOutput))
#8 {main}
"} 
[2020-05-09 07:41:37] local.ERROR: Class 'UxWeb\SweetAlert\SweetAlertServiceProvider' not found {"exception":"[object] (Symfony\\Component\\Debug\\Exception\\FatalThrowableError(code: 0): Class 'UxWeb\\SweetAlert\\SweetAlertServiceProvider' not found at C:\\xampp\\htdocs\\dd\\local\\vendor\\laravel\\framework\\src\\Illuminate\\Foundation\\Application.php:679)
[stacktrace]
#0 C:\\xampp\\htdocs\\dd\\local\\vendor\\laravel\\framework\\src\\Illuminate\\Foundation\\Application.php(613): Illuminate\\Foundation\\Application->resolveProvider('UxWeb\\\\SweetAler...')
#1 C:\\xampp\\htdocs\\dd\\local\\vendor\\laravel\\framework\\src\\Illuminate\\Foundation\\ProviderRepository.php(75): Illuminate\\Foundation\\Application->register('UxWeb\\\\SweetAler...')
#2 C:\\xampp\\htdocs\\dd\\local\\vendor\\laravel\\framework\\src\\Illuminate\\Foundation\\Application.php(593): Illuminate\\Foundation\\ProviderRepository->load(Array)
#3 C:\\xampp\\htdocs\\dd\\local\\vendor\\laravel\\framework\\src\\Illuminate\\Foundation\\Bootstrap\\RegisterProviders.php(17): Illuminate\\Foundation\\Application->registerConfiguredProviders()
#4 C:\\xampp\\htdocs\\dd\\local\\vendor\\laravel\\framework\\src\\Illuminate\\Foundation\\Application.php(219): Illuminate\\Foundation\\Bootstrap\\RegisterProviders->bootstrap(Object(Illuminate\\Foundation\\Application))
#5 C:\\xampp\\htdocs\\dd\\local\\vendor\\laravel\\framework\\src\\Illuminate\\Foundation\\Console\\Kernel.php(320): Illuminate\\Foundation\\Application->bootstrapWith(Array)
#6 C:\\xampp\\htdocs\\dd\\local\\vendor\\laravel\\framework\\src\\Illuminate\\Foundation\\Console\\Kernel.php(129): Illuminate\\Foundation\\Console\\Kernel->bootstrap()
#7 C:\\xampp\\htdocs\\dd\\local\\artisan(37): Illuminate\\Foundation\\Console\\Kernel->handle(Object(Symfony\\Component\\Console\\Input\\ArgvInput), Object(Symfony\\Component\\Console\\Output\\ConsoleOutput))
#8 {main}
"} 
[2020-05-09 07:42:52] local.ERROR: Class 'UxWeb\SweetAlert\SweetAlertServiceProvider' not found {"exception":"[object] (Symfony\\Component\\Debug\\Exception\\FatalThrowableError(code: 0): Class 'UxWeb\\SweetAlert\\SweetAlertServiceProvider' not found at C:\\xampp\\htdocs\\dd\\local\\vendor\\laravel\\framework\\src\\Illuminate\\Foundation\\Application.php:679)
[stacktrace]
#0 C:\\xampp\\htdocs\\dd\\local\\vendor\\laravel\\framework\\src\\Illuminate\\Foundation\\Application.php(613): Illuminate\\Foundation\\Application->resolveProvider('UxWeb\\\\SweetAler...')
#1 C:\\xampp\\htdocs\\dd\\local\\vendor\\laravel\\framework\\src\\Illuminate\\Foundation\\ProviderRepository.php(75): Illuminate\\Foundation\\Application->register('UxWeb\\\\SweetAler...')
#2 C:\\xampp\\htdocs\\dd\\local\\vendor\\laravel\\framework\\src\\Illuminate\\Foundation\\Application.php(593): Illuminate\\Foundation\\ProviderRepository->load(Array)
#3 C:\\xampp\\htdocs\\dd\\local\\vendor\\laravel\\framework\\src\\Illuminate\\Foundation\\Bootstrap\\RegisterProviders.php(17): Illuminate\\Foundation\\Application->registerConfiguredProviders()
#4 C:\\xampp\\htdocs\\dd\\local\\vendor\\laravel\\framework\\src\\Illuminate\\Foundation\\Application.php(219): Illuminate\\Foundation\\Bootstrap\\RegisterProviders->bootstrap(Object(Illuminate\\Foundation\\Application))
#5 C:\\xampp\\htdocs\\dd\\local\\vendor\\laravel\\framework\\src\\Illuminate\\Foundation\\Console\\Kernel.php(320): Illuminate\\Foundation\\Application->bootstrapWith(Array)
#6 C:\\xampp\\htdocs\\dd\\local\\vendor\\laravel\\framework\\src\\Illuminate\\Foundation\\Console\\Kernel.php(129): Illuminate\\Foundation\\Console\\Kernel->bootstrap()
#7 C:\\xampp\\htdocs\\dd\\local\\artisan(37): Illuminate\\Foundation\\Console\\Kernel->handle(Object(Symfony\\Component\\Console\\Input\\ArgvInput), Object(Symfony\\Component\\Console\\Output\\ConsoleOutput))
#8 {main}
"} 
[2020-05-09 07:42:57] local.ERROR: Class 'UxWeb\SweetAlert\SweetAlertServiceProvider' not found {"exception":"[object] (Symfony\\Component\\Debug\\Exception\\FatalThrowableError(code: 0): Class 'UxWeb\\SweetAlert\\SweetAlertServiceProvider' not found at C:\\xampp\\htdocs\\dd\\local\\vendor\\laravel\\framework\\src\\Illuminate\\Foundation\\Application.php:679)
[stacktrace]
#0 C:\\xampp\\htdocs\\dd\\local\\vendor\\laravel\\framework\\src\\Illuminate\\Foundation\\Application.php(613): Illuminate\\Foundation\\Application->resolveProvider('UxWeb\\\\SweetAler...')
#1 C:\\xampp\\htdocs\\dd\\local\\vendor\\laravel\\framework\\src\\Illuminate\\Foundation\\ProviderRepository.php(75): Illuminate\\Foundation\\Application->register('UxWeb\\\\SweetAler...')
#2 C:\\xampp\\htdocs\\dd\\local\\vendor\\laravel\\framework\\src\\Illuminate\\Foundation\\Application.php(593): Illuminate\\Foundation\\ProviderRepository->load(Array)
#3 C:\\xampp\\htdocs\\dd\\local\\vendor\\laravel\\framework\\src\\Illuminate\\Foundation\\Bootstrap\\RegisterProviders.php(17): Illuminate\\Foundation\\Application->registerConfiguredProviders()
#4 C:\\xampp\\htdocs\\dd\\local\\vendor\\laravel\\framework\\src\\Illuminate\\Foundation\\Application.php(219): Illuminate\\Foundation\\Bootstrap\\RegisterProviders->bootstrap(Object(Illuminate\\Foundation\\Application))
#5 C:\\xampp\\htdocs\\dd\\local\\vendor\\laravel\\framework\\src\\Illuminate\\Foundation\\Console\\Kernel.php(320): Illuminate\\Foundation\\Application->bootstrapWith(Array)
#6 C:\\xampp\\htdocs\\dd\\local\\vendor\\laravel\\framework\\src\\Illuminate\\Foundation\\Console\\Kernel.php(129): Illuminate\\Foundation\\Console\\Kernel->bootstrap()
#7 C:\\xampp\\htdocs\\dd\\local\\artisan(37): Illuminate\\Foundation\\Console\\Kernel->handle(Object(Symfony\\Component\\Console\\Input\\ArgvInput), Object(Symfony\\Component\\Console\\Output\\ConsoleOutput))
#8 {main}
"} 
